#
# There is insufficient memory for the Java Runtime Environment to continue.
# Native memory allocation (malloc) failed to allocate 524304 bytes for Chunk::new
# Possible reasons:
#   The system is out of physical RAM or swap space
#   The process is running with CompressedOops enabled, and the Java Heap may be blocking the growth of the native heap
# Possible solutions:
#   Reduce memory load on the system
#   Increase physical memory or swap space
#   Check if swap backing store is full
#   Decrease Java heap size (-Xmx/-Xms)
#   Decrease number of Java threads
#   Decrease Java thread stack sizes (-Xss)
#   Set larger code cache with -XX:ReservedCodeCacheSize=
#   JVM is running with Unscaled Compressed Oops mode in which the Java heap is
#     placed in the first 4GB address space. The Java Heap base address is the
#     maximum limit for the native heap growth. Please use -XX:HeapBaseMinAddress
#     to set the Java Heap base and to place the Java Heap above 4GB virtual address.
# This output file may be truncated or incomplete.
#
#  Out of Memory Error (arena.cpp:191), pid=4692, tid=24144
#
# JRE version: OpenJDK Runtime Environment Temurin-17.0.10+7 (17.0.10+7) (build 17.0.10+7)
# Java VM: OpenJDK 64-Bit Server VM Temurin-17.0.10+7 (17.0.10+7, mixed mode, tiered, compressed oops, compressed class ptrs, parallel gc, windows-amd64)
# No core dump will be written. Minidumps are not enabled by default on client versions of Windows
#

---------------  S U M M A R Y ------------

Command Line: --add-modules=ALL-SYSTEM --add-opens=java.base/java.util=ALL-UNNAMED --add-opens=java.base/java.lang=ALL-UNNAMED --add-opens=java.base/sun.nio.fs=ALL-UNNAMED -Declipse.application=org.eclipse.jdt.ls.core.id1 -Dosgi.bundles.defaultStartLevel=4 -Declipse.product=org.eclipse.jdt.ls.core.product -Djava.import.generatesMetadataFilesAtProjectRoot=false -DDetectVMInstallationsJob.disabled=true -Dfile.encoding=utf8 -XX:+UseParallelGC -XX:GCTimeRatio=4 -XX:AdaptiveSizePolicyWeight=90 -Dsun.zip.disableMemoryMapping=true -Xmx1G -Xms100m -Xlog:disable -javaagent:c:\Users\ARWIN\.vscode\extensions\redhat.java-1.27.0-win32-x64\lombok\lombok-1.18.31.jar -XX:+HeapDumpOnOutOfMemoryError -XX:HeapDumpPath=c:\Users\ARWIN\AppData\Roaming\Code\User\workspaceStorage\c31cd92ba904673375245c8a6e85d91d\redhat.java -Daether.dependencyCollector.impl=bf c:\Users\ARWIN\.vscode\extensions\redhat.java-1.27.0-win32-x64\server\plugins\org.eclipse.equinox.launcher_1.6.700.v20231214-2017.jar -configuration c:\Users\ARWIN\AppData\Roaming\Code\User\globalStorage\redhat.java\1.27.0\config_win -data c:\Users\ARWIN\AppData\Roaming\Code\User\workspaceStorage\c31cd92ba904673375245c8a6e85d91d\redhat.java\jdt_ws --stdio

Host: AMD Ryzen 7 4700U with Radeon Graphics         , 8 cores, 7G,  Windows 11 , 64 bit Build 22621 (10.0.22621.3085)
Time: Wed Feb 14 14:46:43 2024 India Standard Time elapsed time: 11.398594 seconds (0d 0h 0m 11s)

---------------  T H R E A D  ---------------

Current thread (0x000001fb7d88cff0):  JavaThread "C2 CompilerThread1" daemon [_thread_in_native, id=24144, stack(0x000000299b500000,0x000000299b600000)]


Current CompileTask:
C2:  11398 10311       4       org.eclipse.jdt.internal.compiler.parser.Parser::consumeRule (7949 bytes)

Stack: [0x000000299b500000,0x000000299b600000]
Native frames: (J=compiled Java code, j=interpreted, Vv=VM code, C=native code)
V  [jvm.dll+0x67d2c9]
V  [jvm.dll+0x834afa]
V  [jvm.dll+0x8365be]
V  [jvm.dll+0x836c23]
V  [jvm.dll+0x2477ff]
V  [jvm.dll+0xac514]
V  [jvm.dll+0xacb5c]
V  [jvm.dll+0x6a0df3]
V  [jvm.dll+0x218ad2]
V  [jvm.dll+0x1a502d]
V  [jvm.dll+0x2290de]
V  [jvm.dll+0x2272ac]
V  [jvm.dll+0x7e9bb7]
V  [jvm.dll+0x7e3fba]
V  [jvm.dll+0x67c1b5]
C  [ucrtbase.dll+0x29363]
C  [KERNEL32.DLL+0x1257d]
C  [ntdll.dll+0x5aa58]


---------------  P R O C E S S  ---------------

Threads class SMR info:
_java_thread_list=0x000001fb0fa495d0, length=41, elements={
0x000001fb7129e5d0, 0x000001fb76124020, 0x000001fb71349680, 0x000001fb7612ced0,
0x000001fb7612d8a0, 0x000001fb7612e370, 0x000001fb7b285000, 0x000001fb7b285db0,
0x000001fb7b2e1780, 0x000001fb7b2edcb0, 0x000001fb7b3c0450, 0x000001fb7b5b1b40,
0x000001fb7c9f36a0, 0x000001fb7cdcf610, 0x000001fb7cbece10, 0x000001fb7d5b2e60,
0x000001fb7d3e9540, 0x000001fb7d2e4770, 0x000001fb7d2e0fc0, 0x000001fb7d2e19e0,
0x000001fb7d2e14d0, 0x000001fb7d2e2910, 0x000001fb7d2e1ef0, 0x000001fb7d2e2e20,
0x000001fb7d2e3330, 0x000001fb7d2e3840, 0x000001fb7e3f3d80, 0x000001fb7e3f7f50,
0x000001fb7e3f4290, 0x000001fb7e3f56d0, 0x000001fb7d88cff0, 0x000001fb7e3f2430,
0x000001fb7e3f8970, 0x000001fb7e3f3360, 0x000001fb7e3f7a40, 0x000001fb7e3f9db0,
0x000001fb7e3f7530, 0x000001fb7e3f4cb0, 0x000001fb7e3f2940, 0x000001fb7e3f47a0,
0x000001fb7e3f5be0
}

Java Threads: ( => current thread )
  0x000001fb7129e5d0 JavaThread "main" [_thread_blocked, id=14196, stack(0x0000002998c00000,0x0000002998d00000)]
  0x000001fb76124020 JavaThread "Reference Handler" daemon [_thread_blocked, id=28980, stack(0x0000002998f00000,0x0000002999000000)]
  0x000001fb71349680 JavaThread "Finalizer" daemon [_thread_blocked, id=25464, stack(0x0000002999000000,0x0000002999100000)]
  0x000001fb7612ced0 JavaThread "Signal Dispatcher" daemon [_thread_blocked, id=21108, stack(0x0000002999100000,0x0000002999200000)]
  0x000001fb7612d8a0 JavaThread "Attach Listener" daemon [_thread_blocked, id=17372, stack(0x0000002999200000,0x0000002999300000)]
  0x000001fb7612e370 JavaThread "Service Thread" daemon [_thread_blocked, id=1560, stack(0x0000002999300000,0x0000002999400000)]
  0x000001fb7b285000 JavaThread "Monitor Deflation Thread" daemon [_thread_blocked, id=5876, stack(0x0000002999400000,0x0000002999500000)]
  0x000001fb7b285db0 JavaThread "C2 CompilerThread0" daemon [_thread_in_native, id=26900, stack(0x0000002999500000,0x0000002999600000)]
  0x000001fb7b2e1780 JavaThread "C1 CompilerThread0" daemon [_thread_blocked, id=8564, stack(0x0000002999600000,0x0000002999700000)]
  0x000001fb7b2edcb0 JavaThread "Sweeper thread" daemon [_thread_blocked, id=17380, stack(0x0000002999700000,0x0000002999800000)]
  0x000001fb7b3c0450 JavaThread "Common-Cleaner" daemon [_thread_blocked, id=23116, stack(0x0000002999800000,0x0000002999900000)]
  0x000001fb7b5b1b40 JavaThread "Notification Thread" daemon [_thread_blocked, id=30532, stack(0x0000002999900000,0x0000002999a00000)]
  0x000001fb7c9f36a0 JavaThread "Active Thread: Equinox Container: b7c29e98-98fb-4e74-9dd1-a935affa0217" [_thread_blocked, id=15312, stack(0x000000299a200000,0x000000299a300000)]
  0x000001fb7cdcf610 JavaThread "Framework Event Dispatcher: Equinox Container: b7c29e98-98fb-4e74-9dd1-a935affa0217" daemon [_thread_blocked, id=21528, stack(0x000000299a300000,0x000000299a400000)]
  0x000001fb7cbece10 JavaThread "Start Level: Equinox Container: b7c29e98-98fb-4e74-9dd1-a935affa0217" daemon [_thread_blocked, id=20692, stack(0x000000299a400000,0x000000299a500000)]
  0x000001fb7d5b2e60 JavaThread "Bundle File Closer" daemon [_thread_blocked, id=17820, stack(0x000000299a600000,0x000000299a700000)]
  0x000001fb7d3e9540 JavaThread "SCR Component Actor" daemon [_thread_blocked, id=30276, stack(0x000000299a700000,0x000000299a800000)]
  0x000001fb7d2e4770 JavaThread "Worker-JM" [_thread_blocked, id=19496, stack(0x000000299a100000,0x000000299a200000)]
  0x000001fb7d2e0fc0 JavaThread "Worker-0: Synchronizing projects" [_thread_blocked, id=31380, stack(0x000000299a900000,0x000000299aa00000)]
  0x000001fb7d2e19e0 JavaThread "Worker-1: Initialize Workspace" [_thread_blocked, id=30416, stack(0x000000299aa00000,0x000000299ab00000)]
  0x000001fb7d2e14d0 JavaThread "Java indexing" daemon [_thread_blocked, id=21264, stack(0x000000299ab00000,0x000000299ac00000)]
  0x000001fb7d2e2910 JavaThread "JNA Cleaner" daemon [_thread_blocked, id=31192, stack(0x000000299ac00000,0x000000299ad00000)]
  0x000001fb7d2e1ef0 JavaThread "pool-2-thread-1" [_thread_blocked, id=26892, stack(0x000000299ad00000,0x000000299ae00000)]
  0x000001fb7d2e2e20 JavaThread "WorkspaceEventsHandler" [_thread_blocked, id=24916, stack(0x000000299ae00000,0x000000299af00000)]
  0x000001fb7d2e3330 JavaThread "pool-1-thread-1" [_thread_in_native, id=9284, stack(0x000000299af00000,0x000000299b000000)]
  0x000001fb7d2e3840 JavaThread "Worker-2: Initialize workspace" [_thread_in_vm, id=31628, stack(0x000000299b000000,0x000000299b100000)]
  0x000001fb7e3f3d80 JavaThread "Worker-3: Update project arwin" [_thread_blocked, id=27788, stack(0x000000299b100000,0x000000299b200000)]
  0x000001fb7e3f7f50 JavaThread "Worker-4: Refreshing workspace" [_thread_blocked, id=21404, stack(0x000000299b200000,0x000000299b300000)]
  0x000001fb7e3f4290 JavaThread "ForkJoinPool.commonPool-worker-1" daemon [_thread_blocked, id=2720, stack(0x000000299b300000,0x000000299b400000)]
  0x000001fb7e3f56d0 JavaThread "Worker-5: Publish Diagnostics" [_thread_in_Java, id=4288, stack(0x000000299b400000,0x000000299b500000)]
=>0x000001fb7d88cff0 JavaThread "C2 CompilerThread1" daemon [_thread_in_native, id=24144, stack(0x000000299b500000,0x000000299b600000)]
  0x000001fb7e3f2430 JavaThread "Worker-6" [_thread_blocked, id=12612, stack(0x000000299b600000,0x000000299b700000)]
  0x000001fb7e3f8970 JavaThread "Worker-7" [_thread_blocked, id=27360, stack(0x000000299b800000,0x000000299b900000)]
  0x000001fb7e3f3360 JavaThread "ForkJoinPool.commonPool-worker-2" daemon [_thread_in_Java, id=27816, stack(0x000000299b900000,0x000000299ba00000)]
  0x000001fb7e3f7a40 JavaThread "ForkJoinPool.commonPool-worker-3" daemon [_thread_blocked, id=16920, stack(0x000000299ba00000,0x000000299bb00000)]
  0x000001fb7e3f9db0 JavaThread "ForkJoinPool.commonPool-worker-4" daemon [_thread_in_native, id=25976, stack(0x000000299bb00000,0x000000299bc00000)]
  0x000001fb7e3f7530 JavaThread "ForkJoinPool.commonPool-worker-5" daemon [_thread_blocked, id=18036, stack(0x000000299c000000,0x000000299c100000)]
  0x000001fb7e3f4cb0 JavaThread "ForkJoinPool.commonPool-worker-6" daemon [_thread_blocked, id=15924, stack(0x000000299c100000,0x000000299c200000)]
  0x000001fb7e3f2940 JavaThread "ForkJoinPool.commonPool-worker-7" daemon [_thread_blocked, id=23952, stack(0x000000299a800000,0x000000299a900000)]
  0x000001fb7e3f47a0 JavaThread "Worker-8" [_thread_blocked, id=22752, stack(0x000000299b700000,0x000000299b800000)]
  0x000001fb7e3f5be0 JavaThread "SCR Component Registry" daemon [_thread_blocked, id=14940, stack(0x000000299bc00000,0x000000299bd00000)]

Other Threads:
  0x000001fb7b2614b0 VMThread "VM Thread" [stack: 0x0000002998e00000,0x0000002998f00000] [id=27644]
  0x000001fb7b5b2020 WatcherThread [stack: 0x0000002999a00000,0x0000002999b00000] [id=13772]
  0x000001fb712b42b0 GCTaskThread "GC Thread#0" [stack: 0x0000002998d00000,0x0000002998e00000] [id=17800]
  0x000001fb7c5c99f0 GCTaskThread "GC Thread#1" [stack: 0x0000002999b00000,0x0000002999c00000] [id=22552]
  0x000001fb7c5ca8d0 GCTaskThread "GC Thread#2" [stack: 0x0000002999c00000,0x0000002999d00000] [id=18508]
  0x000001fb7c5cab90 GCTaskThread "GC Thread#3" [stack: 0x0000002999d00000,0x0000002999e00000] [id=13860]
  0x000001fb7c56a770 GCTaskThread "GC Thread#4" [stack: 0x0000002999e00000,0x0000002999f00000] [id=23164]
  0x000001fb7c56aa30 GCTaskThread "GC Thread#5" [stack: 0x0000002999f00000,0x000000299a000000] [id=30392]
  0x000001fb7c56acf0 GCTaskThread "GC Thread#6" [stack: 0x000000299a000000,0x000000299a100000] [id=27184]
  0x000001fb7cedb380 GCTaskThread "GC Thread#7" [stack: 0x000000299a500000,0x000000299a600000] [id=28388]

Threads with active compile tasks:
C2 CompilerThread0    11429 10319       4       org.eclipse.core.runtime.Path::computeLength (100 bytes)
C1 CompilerThread0    11429 10375       3       org.eclipse.jdt.internal.compiler.ast.AbstractVariableDeclaration::<init> (5 bytes)
C2 CompilerThread1    11429 10311       4       org.eclipse.jdt.internal.compiler.parser.Parser::consumeRule (7949 bytes)

VM state: not at safepoint (normal execution)

VM Mutex/Monitor currently owned by a thread: None

Heap address: 0x00000000c0000000, size: 1024 MB, Compressed Oops mode: 32-bit

CDS archive(s) not mapped
Compressed class space mapped at: 0x0000000100000000-0x0000000140000000, reserved size: 1073741824
Narrow klass base: 0x0000000000000000, Narrow klass shift: 3, Narrow klass range: 0x140000000

GC Precious Log:
 CPUs: 8 total, 8 available
 Memory: 7549M
 Large Page Support: Disabled
 NUMA Support: Disabled
 Compressed Oops: Enabled (32-bit)
 Alignments: Space 512K, Generation 512K, Heap 2M
 Heap Min Capacity: 100M
 Heap Initial Capacity: 100M
 Heap Max Capacity: 1G
 Pre-touch: Disabled
 Parallel Workers: 8

Heap:
 PSYoungGen      total 15872K, used 14928K [0x00000000eab00000, 0x00000000ebc80000, 0x0000000100000000)
  eden space 14848K, 93% used [0x00000000eab00000,0x00000000eb894358,0x00000000eb980000)
  from space 1024K, 100% used [0x00000000ebb00000,0x00000000ebc00000,0x00000000ebc00000)
  to   space 1536K, 0% used [0x00000000eb980000,0x00000000eb980000,0x00000000ebb00000)
 ParOldGen       total 68608K, used 65222K [0x00000000c0000000, 0x00000000c4300000, 0x00000000eab00000)
  object space 68608K, 95% used [0x00000000c0000000,0x00000000c3fb1840,0x00000000c4300000)
 Metaspace       used 68366K, committed 69760K, reserved 1114112K
  class space    used 7249K, committed 7808K, reserved 1048576K

Card table byte_map: [0x000001fb70c30000,0x000001fb70e40000] _byte_map_base: 0x000001fb70630000

Marking Bits: (ParMarkBitMap*) 0x00007ff9c4c1d7d0
 Begin Bits: [0x000001fb73f30000, 0x000001fb74f30000)
 End Bits:   [0x000001fb74f30000, 0x000001fb75f30000)

Polling page: 0x000001fb6f1d0000

Metaspace:

Usage:
  Non-class:     59.69 MB used.
      Class:      7.08 MB used.
       Both:     66.76 MB used.

Virtual space:
  Non-class space:       64.00 MB reserved,      60.50 MB ( 95%) committed,  1 nodes.
      Class space:        1.00 GB reserved,       7.62 MB ( <1%) committed,  1 nodes.
             Both:        1.06 GB reserved,      68.12 MB (  6%) committed. 

Chunk freelists:
   Non-Class:  3.42 MB
       Class:  8.41 MB
        Both:  11.83 MB

MaxMetaspaceSize: unlimited
CompressedClassSpaceSize: 1.00 GB
Initial GC threshold: 21.00 MB
Current GC threshold: 97.31 MB
CDS: off
MetaspaceReclaimPolicy: balanced
 - commit_granule_bytes: 65536.
 - commit_granule_words: 8192.
 - virtual_space_node_default_size: 8388608.
 - enlarge_chunks_in_place: 1.
 - new_chunks_are_fully_committed: 0.
 - uncommit_free_chunks: 1.
 - use_allocation_guard: 0.
 - handle_deallocations: 1.


Internal statistics:

num_allocs_failed_limit: 9.
num_arena_births: 922.
num_arena_deaths: 14.
num_vsnodes_births: 2.
num_vsnodes_deaths: 0.
num_space_committed: 1090.
num_space_uncommitted: 0.
num_chunks_returned_to_freelist: 23.
num_chunks_taken_from_freelist: 3828.
num_chunk_merges: 14.
num_chunk_splits: 2315.
num_chunks_enlarged: 1286.
num_inconsistent_stats: 0.

CodeHeap 'non-profiled nmethods': size=120000Kb used=4379Kb max_used=4418Kb free=115620Kb
 bounds [0x000001fb07ad0000, 0x000001fb07f30000, 0x000001fb0f000000]
CodeHeap 'profiled nmethods': size=120000Kb used=16634Kb max_used=18197Kb free=103365Kb
 bounds [0x000001fb00000000, 0x000001fb011d0000, 0x000001fb07530000]
CodeHeap 'non-nmethods': size=5760Kb used=1335Kb max_used=1461Kb free=4424Kb
 bounds [0x000001fb07530000, 0x000001fb077a0000, 0x000001fb07ad0000]
 total_blobs=9267 nmethods=8591 adapters=590
 compilation: enabled
              stopped_count=0, restarted_count=0
 full_count=0

Compilation events (20 events):
Event: 11.392 Thread 0x000001fb7d88cff0 nmethod 10251 0x000001fb07ce8990 code [0x000001fb07ce8b00, 0x000001fb07ce8b78]
Event: 11.392 Thread 0x000001fb7d88cff0 10252       4       lombok.eclipse.EclipseASTAdapter::endVisitStatement (1 bytes)
Event: 11.392 Thread 0x000001fb7d88cff0 nmethod 10252 0x000001fb07ce8690 code [0x000001fb07ce8800, 0x000001fb07ce8878]
Event: 11.392 Thread 0x000001fb7d88cff0 10238       4       lombok.core.LombokNode::up (26 bytes)
Event: 11.392 Thread 0x000001fb7b2e1780 nmethod 10306 0x000001fb00b64710 code [0x000001fb00b64d00, 0x000001fb00b67f28]
Event: 11.392 Thread 0x000001fb7b2e1780 10309       3       lombok.core.handlers.HandlerUtil::buildAccessorName (41 bytes)
Event: 11.393 Thread 0x000001fb7d88cff0 nmethod 10238 0x000001fb07ce8390 code [0x000001fb07ce8500, 0x000001fb07ce8598]
Event: 11.393 Thread 0x000001fb7d88cff0 10143       4       org.eclipse.jdt.internal.compiler.impl.IrritantSet::clear (22 bytes)
Event: 11.393 Thread 0x000001fb7d88cff0 nmethod 10143 0x000001fb07ce8090 code [0x000001fb07ce8200, 0x000001fb07ce82d8]
Event: 11.393 Thread 0x000001fb7d88cff0 10222       4       java.util.regex.Pattern::nextEscaped (19 bytes)
Event: 11.393 Thread 0x000001fb7b2e1780 nmethod 10309 0x000001fb00733690 code [0x000001fb00733900, 0x000001fb00734228]
Event: 11.393 Thread 0x000001fb7b2e1780 10298       3       lombok.eclipse.handlers.SetGeneratedByVisitor::visit (22 bytes)
Event: 11.394 Thread 0x000001fb7b2e1780 nmethod 10298 0x000001fb002cd210 code [0x000001fb002cd3e0, 0x000001fb002cd6e8]
Event: 11.394 Thread 0x000001fb7b2e1780 10308       1       org.eclipse.jdt.internal.compiler.ASTVisitor::visit (2 bytes)
Event: 11.394 Thread 0x000001fb7d88cff0 nmethod 10222 0x000001fb07ce7d90 code [0x000001fb07ce7f00, 0x000001fb07ce7fb8]
Event: 11.394 Thread 0x000001fb7d88cff0 10310       4       java.util.LinkedHashMap::<init> (10 bytes)
Event: 11.394 Thread 0x000001fb7b2e1780 nmethod 10308 0x000001fb07ce7a90 code [0x000001fb07ce7c20, 0x000001fb07ce7cf8]
Event: 11.394 Thread 0x000001fb7b2e1780 10300   !   3       lombok.eclipse.handlers.EclipseHandlerUtil::copyTypeAnns (122 bytes)
Event: 11.395 Thread 0x000001fb7d88cff0 nmethod 10310 0x000001fb07ce7790 code [0x000001fb07ce7900, 0x000001fb07ce7978]
Event: 11.395 Thread 0x000001fb7d88cff0 10311       4       org.eclipse.jdt.internal.compiler.parser.Parser::consumeRule (7949 bytes)

GC Heap History (20 events):
Event: 9.982 GC heap before
{Heap before GC invocations=46 (full 3):
 PSYoungGen      total 18432K, used 17890K [0x00000000eab00000, 0x00000000ebf80000, 0x0000000100000000)
  eden space 15872K, 100% used [0x00000000eab00000,0x00000000eba80000,0x00000000eba80000)
  from space 2560K, 78% used [0x00000000ebd00000,0x00000000ebef8838,0x00000000ebf80000)
  to   space 2560K, 0% used [0x00000000eba80000,0x00000000eba80000,0x00000000ebd00000)
 ParOldGen       total 68608K, used 53223K [0x00000000c0000000, 0x00000000c4300000, 0x00000000eab00000)
  object space 68608K, 77% used [0x00000000c0000000,0x00000000c33f9ca0,0x00000000c4300000)
 Metaspace       used 65552K, committed 66880K, reserved 1114112K
  class space    used 6979K, committed 7552K, reserved 1048576K
}
Event: 9.985 GC heap after
{Heap after GC invocations=46 (full 3):
 PSYoungGen      total 18432K, used 2477K [0x00000000eab00000, 0x00000000ebf80000, 0x0000000100000000)
  eden space 15872K, 0% used [0x00000000eab00000,0x00000000eab00000,0x00000000eba80000)
  from space 2560K, 96% used [0x00000000eba80000,0x00000000ebceb710,0x00000000ebd00000)
  to   space 2560K, 0% used [0x00000000ebd00000,0x00000000ebd00000,0x00000000ebf80000)
 ParOldGen       total 68608K, used 54848K [0x00000000c0000000, 0x00000000c4300000, 0x00000000eab00000)
  object space 68608K, 79% used [0x00000000c0000000,0x00000000c3590078,0x00000000c4300000)
 Metaspace       used 65552K, committed 66880K, reserved 1114112K
  class space    used 6979K, committed 7552K, reserved 1048576K
}
Event: 10.041 GC heap before
{Heap before GC invocations=47 (full 3):
 PSYoungGen      total 18432K, used 18349K [0x00000000eab00000, 0x00000000ebf80000, 0x0000000100000000)
  eden space 15872K, 100% used [0x00000000eab00000,0x00000000eba80000,0x00000000eba80000)
  from space 2560K, 96% used [0x00000000eba80000,0x00000000ebceb710,0x00000000ebd00000)
  to   space 2560K, 0% used [0x00000000ebd00000,0x00000000ebd00000,0x00000000ebf80000)
 ParOldGen       total 68608K, used 54848K [0x00000000c0000000, 0x00000000c4300000, 0x00000000eab00000)
  object space 68608K, 79% used [0x00000000c0000000,0x00000000c3590078,0x00000000c4300000)
 Metaspace       used 65624K, committed 66944K, reserved 1114112K
  class space    used 6981K, committed 7552K, reserved 1048576K
}
Event: 10.043 GC heap after
{Heap after GC invocations=47 (full 3):
 PSYoungGen      total 17408K, used 1216K [0x00000000eab00000, 0x00000000ebe80000, 0x0000000100000000)
  eden space 15872K, 0% used [0x00000000eab00000,0x00000000eab00000,0x00000000eba80000)
  from space 1536K, 79% used [0x00000000ebd00000,0x00000000ebe30000,0x00000000ebe80000)
  to   space 2048K, 0% used [0x00000000eba80000,0x00000000eba80000,0x00000000ebc80000)
 ParOldGen       total 68608K, used 56873K [0x00000000c0000000, 0x00000000c4300000, 0x00000000eab00000)
  object space 68608K, 82% used [0x00000000c0000000,0x00000000c378a418,0x00000000c4300000)
 Metaspace       used 65624K, committed 66944K, reserved 1114112K
  class space    used 6981K, committed 7552K, reserved 1048576K
}
Event: 10.122 GC heap before
{Heap before GC invocations=48 (full 3):
 PSYoungGen      total 17408K, used 17088K [0x00000000eab00000, 0x00000000ebe80000, 0x0000000100000000)
  eden space 15872K, 100% used [0x00000000eab00000,0x00000000eba80000,0x00000000eba80000)
  from space 1536K, 79% used [0x00000000ebd00000,0x00000000ebe30000,0x00000000ebe80000)
  to   space 2048K, 0% used [0x00000000eba80000,0x00000000eba80000,0x00000000ebc80000)
 ParOldGen       total 68608K, used 56873K [0x00000000c0000000, 0x00000000c4300000, 0x00000000eab00000)
  object space 68608K, 82% used [0x00000000c0000000,0x00000000c378a418,0x00000000c4300000)
 Metaspace       used 65659K, committed 67008K, reserved 1114112K
  class space    used 6981K, committed 7552K, reserved 1048576K
}
Event: 10.124 GC heap after
{Heap after GC invocations=48 (full 3):
 PSYoungGen      total 17920K, used 1536K [0x00000000eab00000, 0x00000000ebe80000, 0x0000000100000000)
  eden space 15872K, 0% used [0x00000000eab00000,0x00000000eab00000,0x00000000eba80000)
  from space 2048K, 75% used [0x00000000eba80000,0x00000000ebc00000,0x00000000ebc80000)
  to   space 2048K, 0% used [0x00000000ebc80000,0x00000000ebc80000,0x00000000ebe80000)
 ParOldGen       total 68608K, used 57937K [0x00000000c0000000, 0x00000000c4300000, 0x00000000eab00000)
  object space 68608K, 84% used [0x00000000c0000000,0x00000000c3894428,0x00000000c4300000)
 Metaspace       used 65659K, committed 67008K, reserved 1114112K
  class space    used 6981K, committed 7552K, reserved 1048576K
}
Event: 10.179 GC heap before
{Heap before GC invocations=49 (full 3):
 PSYoungGen      total 17920K, used 17408K [0x00000000eab00000, 0x00000000ebe80000, 0x0000000100000000)
  eden space 15872K, 100% used [0x00000000eab00000,0x00000000eba80000,0x00000000eba80000)
  from space 2048K, 75% used [0x00000000eba80000,0x00000000ebc00000,0x00000000ebc80000)
  to   space 2048K, 0% used [0x00000000ebc80000,0x00000000ebc80000,0x00000000ebe80000)
 ParOldGen       total 68608K, used 57937K [0x00000000c0000000, 0x00000000c4300000, 0x00000000eab00000)
  object space 68608K, 84% used [0x00000000c0000000,0x00000000c3894428,0x00000000c4300000)
 Metaspace       used 65797K, committed 67072K, reserved 1114112K
  class space    used 6996K, committed 7552K, reserved 1048576K
}
Event: 10.183 GC heap after
{Heap after GC invocations=49 (full 3):
 PSYoungGen      total 17408K, used 1504K [0x00000000eab00000, 0x00000000ebe00000, 0x0000000100000000)
  eden space 15872K, 0% used [0x00000000eab00000,0x00000000eab00000,0x00000000eba80000)
  from space 1536K, 97% used [0x00000000ebc80000,0x00000000ebdf8000,0x00000000ebe00000)
  to   space 1536K, 0% used [0x00000000ebb00000,0x00000000ebb00000,0x00000000ebc80000)
 ParOldGen       total 68608K, used 59353K [0x00000000c0000000, 0x00000000c4300000, 0x00000000eab00000)
  object space 68608K, 86% used [0x00000000c0000000,0x00000000c39f6428,0x00000000c4300000)
 Metaspace       used 65797K, committed 67072K, reserved 1114112K
  class space    used 6996K, committed 7552K, reserved 1048576K
}
Event: 10.223 GC heap before
{Heap before GC invocations=50 (full 3):
 PSYoungGen      total 17408K, used 17376K [0x00000000eab00000, 0x00000000ebe00000, 0x0000000100000000)
  eden space 15872K, 100% used [0x00000000eab00000,0x00000000eba80000,0x00000000eba80000)
  from space 1536K, 97% used [0x00000000ebc80000,0x00000000ebdf8000,0x00000000ebe00000)
  to   space 1536K, 0% used [0x00000000ebb00000,0x00000000ebb00000,0x00000000ebc80000)
 ParOldGen       total 68608K, used 59353K [0x00000000c0000000, 0x00000000c4300000, 0x00000000eab00000)
  object space 68608K, 86% used [0x00000000c0000000,0x00000000c39f6428,0x00000000c4300000)
 Metaspace       used 65810K, committed 67136K, reserved 1114112K
  class space    used 6997K, committed 7552K, reserved 1048576K
}
Event: 10.225 GC heap after
{Heap after GC invocations=50 (full 3):
 PSYoungGen      total 17408K, used 1338K [0x00000000eab00000, 0x00000000ebd80000, 0x0000000100000000)
  eden space 15872K, 0% used [0x00000000eab00000,0x00000000eab00000,0x00000000eba80000)
  from space 1536K, 87% used [0x00000000ebb00000,0x00000000ebc4e900,0x00000000ebc80000)
  to   space 1024K, 0% used [0x00000000ebc80000,0x00000000ebc80000,0x00000000ebd80000)
 ParOldGen       total 68608K, used 60673K [0x00000000c0000000, 0x00000000c4300000, 0x00000000eab00000)
  object space 68608K, 88% used [0x00000000c0000000,0x00000000c3b40428,0x00000000c4300000)
 Metaspace       used 65810K, committed 67136K, reserved 1114112K
  class space    used 6997K, committed 7552K, reserved 1048576K
}
Event: 10.316 GC heap before
{Heap before GC invocations=51 (full 3):
 PSYoungGen      total 17408K, used 17210K [0x00000000eab00000, 0x00000000ebd80000, 0x0000000100000000)
  eden space 15872K, 100% used [0x00000000eab00000,0x00000000eba80000,0x00000000eba80000)
  from space 1536K, 87% used [0x00000000ebb00000,0x00000000ebc4e900,0x00000000ebc80000)
  to   space 1024K, 0% used [0x00000000ebc80000,0x00000000ebc80000,0x00000000ebd80000)
 ParOldGen       total 68608K, used 60673K [0x00000000c0000000, 0x00000000c4300000, 0x00000000eab00000)
  object space 68608K, 88% used [0x00000000c0000000,0x00000000c3b40428,0x00000000c4300000)
 Metaspace       used 66077K, committed 67456K, reserved 1114112K
  class space    used 7014K, committed 7616K, reserved 1048576K
}
Event: 10.318 GC heap after
{Heap after GC invocations=51 (full 3):
 PSYoungGen      total 15872K, used 1024K [0x00000000eab00000, 0x00000000ec080000, 0x0000000100000000)
  eden space 14848K, 0% used [0x00000000eab00000,0x00000000eab00000,0x00000000eb980000)
  from space 1024K, 100% used [0x00000000ebc80000,0x00000000ebd80000,0x00000000ebd80000)
  to   space 3072K, 0% used [0x00000000eb980000,0x00000000eb980000,0x00000000ebc80000)
 ParOldGen       total 68608K, used 62090K [0x00000000c0000000, 0x00000000c4300000, 0x00000000eab00000)
  object space 68608K, 90% used [0x00000000c0000000,0x00000000c3ca2828,0x00000000c4300000)
 Metaspace       used 66077K, committed 67456K, reserved 1114112K
  class space    used 7014K, committed 7616K, reserved 1048576K
}
Event: 10.519 GC heap before
{Heap before GC invocations=52 (full 3):
 PSYoungGen      total 15872K, used 15872K [0x00000000eab00000, 0x00000000ec080000, 0x0000000100000000)
  eden space 14848K, 100% used [0x00000000eab00000,0x00000000eb980000,0x00000000eb980000)
  from space 1024K, 100% used [0x00000000ebc80000,0x00000000ebd80000,0x00000000ebd80000)
  to   space 3072K, 0% used [0x00000000eb980000,0x00000000eb980000,0x00000000ebc80000)
 ParOldGen       total 68608K, used 62090K [0x00000000c0000000, 0x00000000c4300000, 0x00000000eab00000)
  object space 68608K, 90% used [0x00000000c0000000,0x00000000c3ca2828,0x00000000c4300000)
 Metaspace       used 66770K, committed 68160K, reserved 1114112K
  class space    used 7108K, committed 7680K, reserved 1048576K
}
Event: 10.522 GC heap after
{Heap after GC invocations=52 (full 3):
 PSYoungGen      total 16384K, used 1203K [0x00000000eab00000, 0x00000000ebd80000, 0x0000000100000000)
  eden space 14848K, 0% used [0x00000000eab00000,0x00000000eab00000,0x00000000eb980000)
  from space 1536K, 78% used [0x00000000eb980000,0x00000000ebaacfd8,0x00000000ebb00000)
  to   space 2048K, 0% used [0x00000000ebb80000,0x00000000ebb80000,0x00000000ebd80000)
 ParOldGen       total 68608K, used 63055K [0x00000000c0000000, 0x00000000c4300000, 0x00000000eab00000)
  object space 68608K, 91% used [0x00000000c0000000,0x00000000c3d93fb0,0x00000000c4300000)
 Metaspace       used 66770K, committed 68160K, reserved 1114112K
  class space    used 7108K, committed 7680K, reserved 1048576K
}
Event: 11.044 GC heap before
{Heap before GC invocations=53 (full 3):
 PSYoungGen      total 16384K, used 16051K [0x00000000eab00000, 0x00000000ebd80000, 0x0000000100000000)
  eden space 14848K, 100% used [0x00000000eab00000,0x00000000eb980000,0x00000000eb980000)
  from space 1536K, 78% used [0x00000000eb980000,0x00000000ebaacfd8,0x00000000ebb00000)
  to   space 2048K, 0% used [0x00000000ebb80000,0x00000000ebb80000,0x00000000ebd80000)
 ParOldGen       total 68608K, used 63055K [0x00000000c0000000, 0x00000000c4300000, 0x00000000eab00000)
  object space 68608K, 91% used [0x00000000c0000000,0x00000000c3d93fb0,0x00000000c4300000)
 Metaspace       used 67764K, committed 69056K, reserved 1114112K
  class space    used 7206K, committed 7744K, reserved 1048576K
}
Event: 11.048 GC heap after
{Heap after GC invocations=53 (full 3):
 PSYoungGen      total 15872K, used 1006K [0x00000000eab00000, 0x00000000ebc80000, 0x0000000100000000)
  eden space 14848K, 0% used [0x00000000eab00000,0x00000000eab00000,0x00000000eb980000)
  from space 1024K, 98% used [0x00000000ebb80000,0x00000000ebc7ba40,0x00000000ebc80000)
  to   space 1536K, 0% used [0x00000000eb980000,0x00000000eb980000,0x00000000ebb00000)
 ParOldGen       total 68608K, used 64089K [0x00000000c0000000, 0x00000000c4300000, 0x00000000eab00000)
  object space 68608K, 93% used [0x00000000c0000000,0x00000000c3e96750,0x00000000c4300000)
 Metaspace       used 67764K, committed 69056K, reserved 1114112K
  class space    used 7206K, committed 7744K, reserved 1048576K
}
Event: 11.195 GC heap before
{Heap before GC invocations=54 (full 3):
 PSYoungGen      total 15872K, used 15744K [0x00000000eab00000, 0x00000000ebc80000, 0x0000000100000000)
  eden space 14848K, 99% used [0x00000000eab00000,0x00000000eb9648e8,0x00000000eb980000)
  from space 1024K, 98% used [0x00000000ebb80000,0x00000000ebc7ba40,0x00000000ebc80000)
  to   space 1536K, 0% used [0x00000000eb980000,0x00000000eb980000,0x00000000ebb00000)
 ParOldGen       total 68608K, used 64089K [0x00000000c0000000, 0x00000000c4300000, 0x00000000eab00000)
  object space 68608K, 93% used [0x00000000c0000000,0x00000000c3e96750,0x00000000c4300000)
 Metaspace       used 68133K, committed 69440K, reserved 1114112K
  class space    used 7238K, committed 7808K, reserved 1048576K
}
Event: 11.198 GC heap after
{Heap after GC invocations=54 (full 3):
 PSYoungGen      total 16384K, used 576K [0x00000000eab00000, 0x00000000ebc00000, 0x0000000100000000)
  eden space 14848K, 0% used [0x00000000eab00000,0x00000000eab00000,0x00000000eb980000)
  from space 1536K, 37% used [0x00000000eb980000,0x00000000eba10000,0x00000000ebb00000)
  to   space 1024K, 0% used [0x00000000ebb00000,0x00000000ebb00000,0x00000000ebc00000)
 ParOldGen       total 68608K, used 64990K [0x00000000c0000000, 0x00000000c4300000, 0x00000000eab00000)
  object space 68608K, 94% used [0x00000000c0000000,0x00000000c3f77840,0x00000000c4300000)
 Metaspace       used 68133K, committed 69440K, reserved 1114112K
  class space    used 7238K, committed 7808K, reserved 1048576K
}
Event: 11.338 GC heap before
{Heap before GC invocations=55 (full 3):
 PSYoungGen      total 16384K, used 15424K [0x00000000eab00000, 0x00000000ebc00000, 0x0000000100000000)
  eden space 14848K, 100% used [0x00000000eab00000,0x00000000eb980000,0x00000000eb980000)
  from space 1536K, 37% used [0x00000000eb980000,0x00000000eba10000,0x00000000ebb00000)
  to   space 1024K, 0% used [0x00000000ebb00000,0x00000000ebb00000,0x00000000ebc00000)
 ParOldGen       total 68608K, used 64990K [0x00000000c0000000, 0x00000000c4300000, 0x00000000eab00000)
  object space 68608K, 94% used [0x00000000c0000000,0x00000000c3f77840,0x00000000c4300000)
 Metaspace       used 68266K, committed 69632K, reserved 1114112K
  class space    used 7244K, committed 7808K, reserved 1048576K
}
Event: 11.340 GC heap after
{Heap after GC invocations=55 (full 3):
 PSYoungGen      total 15872K, used 1024K [0x00000000eab00000, 0x00000000ebc80000, 0x0000000100000000)
  eden space 14848K, 0% used [0x00000000eab00000,0x00000000eab00000,0x00000000eb980000)
  from space 1024K, 100% used [0x00000000ebb00000,0x00000000ebc00000,0x00000000ebc00000)
  to   space 1536K, 0% used [0x00000000eb980000,0x00000000eb980000,0x00000000ebb00000)
 ParOldGen       total 68608K, used 65222K [0x00000000c0000000, 0x00000000c4300000, 0x00000000eab00000)
  object space 68608K, 95% used [0x00000000c0000000,0x00000000c3fb1840,0x00000000c4300000)
 Metaspace       used 68266K, committed 69632K, reserved 1114112K
  class space    used 7244K, committed 7808K, reserved 1048576K
}

Dll operation events (10 events):
Event: 0.021 Loaded shared library c:\Users\ARWIN\.vscode\extensions\redhat.java-1.27.0-win32-x64\jre\17.0.10-win32-x86_64\bin\java.dll
Event: 0.353 Loaded shared library c:\Users\ARWIN\.vscode\extensions\redhat.java-1.27.0-win32-x64\jre\17.0.10-win32-x86_64\bin\zip.dll
Event: 0.356 Loaded shared library C:\Users\ARWIN\.vscode\extensions\redhat.java-1.27.0-win32-x64\jre\17.0.10-win32-x86_64\bin\instrument.dll
Event: 0.373 Loaded shared library C:\Users\ARWIN\.vscode\extensions\redhat.java-1.27.0-win32-x64\jre\17.0.10-win32-x86_64\bin\net.dll
Event: 0.376 Loaded shared library C:\Users\ARWIN\.vscode\extensions\redhat.java-1.27.0-win32-x64\jre\17.0.10-win32-x86_64\bin\nio.dll
Event: 0.384 Loaded shared library C:\Users\ARWIN\.vscode\extensions\redhat.java-1.27.0-win32-x64\jre\17.0.10-win32-x86_64\bin\zip.dll
Event: 0.416 Loaded shared library C:\Users\ARWIN\.vscode\extensions\redhat.java-1.27.0-win32-x64\jre\17.0.10-win32-x86_64\bin\jimage.dll
Event: 0.497 Loaded shared library c:\Users\ARWIN\.vscode\extensions\redhat.java-1.27.0-win32-x64\jre\17.0.10-win32-x86_64\bin\verify.dll
Event: 2.024 Loaded shared library C:\Users\ARWIN\AppData\Roaming\Code\User\globalStorage\redhat.java\1.27.0\config_win\org.eclipse.equinox.launcher\org.eclipse.equinox.launcher.win32.win32.x86_64_1.2.900.v20240129-1338\eclipse_11900.dll
Event: 5.017 Loaded shared library C:\Users\ARWIN\AppData\Local\Temp\jna-62557675\jna12240275289677807146.dll

Deoptimization events (20 events):
Event: 11.310 Thread 0x000001fb7e3f3360 Uncommon trap: trap_request=0xffffffde fr.pc=0x000001fb07ccba14 relative=0x0000000000001094
Event: 11.310 Thread 0x000001fb7e3f3360 Uncommon trap: reason=class_check action=maybe_recompile pc=0x000001fb07ccba14 method=lombok.eclipse.EclipseNode.traverse(Llombok/eclipse/EclipseASTVisitor;)V @ 588 c2
Event: 11.310 Thread 0x000001fb7e3f3360 DEOPT PACKING pc=0x000001fb07ccba14 sp=0x000000299b9fc820
Event: 11.310 Thread 0x000001fb7e3f3360 DEOPT UNPACKING pc=0x000001fb075866a3 sp=0x000000299b9fc7a8 mode 2
Event: 11.310 Thread 0x000001fb7e3f3360 Uncommon trap: trap_request=0xffffffde fr.pc=0x000001fb07ccba14 relative=0x0000000000001094
Event: 11.310 Thread 0x000001fb7e3f3360 Uncommon trap: reason=class_check action=maybe_recompile pc=0x000001fb07ccba14 method=lombok.eclipse.EclipseNode.traverse(Llombok/eclipse/EclipseASTVisitor;)V @ 588 c2
Event: 11.310 Thread 0x000001fb7e3f3360 DEOPT PACKING pc=0x000001fb07ccba14 sp=0x000000299b9fc770
Event: 11.310 Thread 0x000001fb7e3f3360 DEOPT UNPACKING pc=0x000001fb075866a3 sp=0x000000299b9fc6f8 mode 2
Event: 11.310 Thread 0x000001fb7e3f3360 Uncommon trap: trap_request=0xffffffde fr.pc=0x000001fb07ccba14 relative=0x0000000000001094
Event: 11.310 Thread 0x000001fb7e3f3360 Uncommon trap: reason=class_check action=maybe_recompile pc=0x000001fb07ccba14 method=lombok.eclipse.EclipseNode.traverse(Llombok/eclipse/EclipseASTVisitor;)V @ 588 c2
Event: 11.310 Thread 0x000001fb7e3f3360 DEOPT PACKING pc=0x000001fb07ccba14 sp=0x000000299b9fc820
Event: 11.310 Thread 0x000001fb7e3f3360 DEOPT UNPACKING pc=0x000001fb075866a3 sp=0x000000299b9fc7a8 mode 2
Event: 11.341 Thread 0x000001fb7e3f9db0 Uncommon trap: trap_request=0xffffff45 fr.pc=0x000001fb07b2f79c relative=0x000000000000017c
Event: 11.341 Thread 0x000001fb7e3f9db0 Uncommon trap: reason=unstable_if action=reinterpret pc=0x000001fb07b2f79c method=java.util.concurrent.ConcurrentHashMap.get(Ljava/lang/Object;)Ljava/lang/Object; @ 76 c2
Event: 11.341 Thread 0x000001fb7e3f9db0 DEOPT PACKING pc=0x000001fb07b2f79c sp=0x000000299bbfe480
Event: 11.341 Thread 0x000001fb7e3f9db0 DEOPT UNPACKING pc=0x000001fb075866a3 sp=0x000000299bbfe3e8 mode 2
Event: 11.341 Thread 0x000001fb7e3f9db0 DEOPT PACKING pc=0x000001fb00b5ce38 sp=0x000000299bbfe540
Event: 11.341 Thread 0x000001fb7e3f9db0 DEOPT UNPACKING pc=0x000001fb07586e43 sp=0x000000299bbfda58 mode 0
Event: 11.358 Thread 0x000001fb7e3f56d0 DEOPT PACKING pc=0x000001fb00a97e8b sp=0x000000299b4fc5f0
Event: 11.358 Thread 0x000001fb7e3f56d0 DEOPT UNPACKING pc=0x000001fb07586e43 sp=0x000000299b4fba88 mode 0

Classes unloaded (7 events):
Event: 3.308 Thread 0x000001fb7b2614b0 Unloading class 0x0000000100259400 'java/lang/invoke/LambdaForm$MH+0x0000000100259400'
Event: 3.308 Thread 0x000001fb7b2614b0 Unloading class 0x0000000100259000 'java/lang/invoke/LambdaForm$MH+0x0000000100259000'
Event: 3.308 Thread 0x000001fb7b2614b0 Unloading class 0x0000000100258c00 'java/lang/invoke/LambdaForm$MH+0x0000000100258c00'
Event: 3.308 Thread 0x000001fb7b2614b0 Unloading class 0x0000000100258800 'java/lang/invoke/LambdaForm$MH+0x0000000100258800'
Event: 3.308 Thread 0x000001fb7b2614b0 Unloading class 0x0000000100258400 'java/lang/invoke/LambdaForm$BMH+0x0000000100258400'
Event: 3.308 Thread 0x000001fb7b2614b0 Unloading class 0x0000000100258000 'java/lang/invoke/LambdaForm$DMH+0x0000000100258000'
Event: 3.308 Thread 0x000001fb7b2614b0 Unloading class 0x0000000100250400 'java/lang/invoke/LambdaForm$DMH+0x0000000100250400'

Classes redefined (0 events):
No events

Internal exceptions (20 events):
Event: 10.158 Thread 0x000001fb7e3f3d80 Exception <a 'java/lang/NoSuchMethodError'{0x00000000eb273f18}: 'long java.lang.invoke.DirectMethodHandle$Holder.invokeStatic(java.lang.Object, java.lang.Object)'> (0x00000000eb273f18) 
thrown [s\src\hotspot\share\interpreter\linkResolver.cpp, line 759]
Event: 10.165 Thread 0x000001fb7e3f3d80 Exception <a 'java/lang/NoSuchMethodError'{0x00000000eb54cdd8}: 'java.lang.Object java.lang.invoke.DirectMethodHandle$Holder.newInvokeSpecial(java.lang.Object, java.lang.Object, java.lang.Object, int)'> (0x00000000eb54cdd8) 
thrown [s\src\hotspot\share\interpreter\linkResolver.cpp, line 759]
Event: 10.166 Thread 0x000001fb7e3f3d80 Exception <a 'java/lang/NoSuchMethodError'{0x00000000eb550ee0}: 'java.lang.Object java.lang.invoke.DirectMethodHandle$Holder.invokeSpecial(java.lang.Object, java.lang.Object, java.lang.Object, java.lang.Object, int)'> (0x00000000eb550ee0) 
thrown [s\src\hotspot\share\interpreter\linkResolver.cpp, line 759]
Event: 10.166 Thread 0x000001fb7e3f3d80 Exception <a 'java/lang/NoSuchMethodError'{0x00000000eb556360}: 'java.lang.Object java.lang.invoke.Invokers$Holder.linkToTargetMethod(java.lang.Object, java.lang.Object, int, java.lang.Object)'> (0x00000000eb556360) 
thrown [s\src\hotspot\share\interpreter\linkResolver.cpp, line 759]
Event: 10.226 Thread 0x000001fb7e3f3d80 Exception <a 'java/lang/NoSuchMethodError'{0x00000000eab1b780}: static Lorg/apache/maven/model/InputLocation;.<clinit>()V> (0x00000000eab1b780) 
thrown [s\src\hotspot\share\prims\jni.cpp, line 1107]
Event: 10.227 Thread 0x000001fb7e3f3d80 Exception <a 'java/lang/NoSuchMethodError'{0x00000000eab70a68}: static Lorg/apache/maven/model/InputSource;.<clinit>()V> (0x00000000eab70a68) 
thrown [s\src\hotspot\share\prims\jni.cpp, line 1107]
Event: 10.299 Thread 0x000001fb7e3f3d80 Exception <a 'java/lang/NoSuchMethodError'{0x00000000eb98ea98}: 'void java.lang.invoke.DirectMethodHandle$Holder.invokeSpecial(java.lang.Object, java.lang.Object, java.lang.Object, java.lang.Object, java.lang.Object)'> (0x00000000eb98ea98) 
thrown [s\src\hotspot\share\interpreter\linkResolver.cpp, line 759]
Event: 10.369 Thread 0x000001fb7e3f56d0 Exception <a 'java/lang/NoSuchMethodError'{0x00000000eb1aa4f0}: 'int java.lang.invoke.DirectMethodHandle$Holder.invokeStatic(java.lang.Object, java.lang.Object, java.lang.Object, int)'> (0x00000000eb1aa4f0) 
thrown [s\src\hotspot\share\interpreter\linkResolver.cpp, line 759]
Event: 10.369 Thread 0x000001fb7e3f3360 Exception <a 'java/lang/NoSuchMethodError'{0x00000000eb181d38}: 'int java.lang.invoke.DirectMethodHandle$Holder.invokeStatic(java.lang.Object, java.lang.Object, java.lang.Object, int)'> (0x00000000eb181d38) 
thrown [s\src\hotspot\share\interpreter\linkResolver.cpp, line 759]
Event: 10.798 Thread 0x000001fb7e3f3360 Exception <a 'java/io/FileNotFoundException'{0x00000000eb0d5c18}> (0x00000000eb0d5c18) 
thrown [s\src\hotspot\share\prims\jni.cpp, line 516]
Event: 10.817 Thread 0x000001fb7e3f4cb0 Exception <a 'java/lang/NoSuchMethodError'{0x00000000eb1e6158}: 'java.lang.Object java.lang.invoke.DirectMethodHandle$Holder.invokeStaticInit(java.lang.Object, java.lang.Object, java.lang.Object)'> (0x00000000eb1e6158) 
thrown [s\src\hotspot\share\interpreter\linkResolver.cpp, line 759]
Event: 10.877 Thread 0x000001fb7e3f56d0 Exception <a 'java/io/FileNotFoundException'{0x00000000eb45d178}> (0x00000000eb45d178) 
thrown [s\src\hotspot\share\prims\jni.cpp, line 516]
Event: 10.877 Thread 0x000001fb7e3f3360 Exception <a 'java/io/FileNotFoundException'{0x00000000eb429f10}> (0x00000000eb429f10) 
thrown [s\src\hotspot\share\prims\jni.cpp, line 516]
Event: 10.888 Thread 0x000001fb7e3f3360 Exception <a 'java/lang/LinkageError'{0x00000000eb4c0c28}: loader lombok.launch.ShadowClassLoader @197af286 attempted duplicate class definition for lombok.launch.PatchFixesHider$Delegate. (lombok.launch.PatchFixesHider$Delegate is in unnamed module of loader lombok.launch.ShadowClassLoader @197af286, parent loader org.eclipse.osgi.internal.loader.EquinoxClassLoader @2c95e2)> (0x00000000eb4c0c28) 
thrown [s\src\hotspot\share\classfile\systemDictionary.cpp, line 1724]
Event: 10.895 Thread 0x000001fb7e3f3d80 Exception <a 'java/lang/NoSuchMethodError'{0x00000000eb49edf0}: static [Lorg/eclipse/jdt/core/IClasspathEntry;.<clinit>()V> (0x00000000eb49edf0) 
thrown [s\src\hotspot\share\prims\jni.cpp, line 1107]
Event: 10.896 Thread 0x000001fb7e3f3d80 Exception <a 'java/lang/NoSuchMethodError'{0x00000000eb49fdc8}: static [Lorg/eclipse/jdt/core/IAccessRule;.<clinit>()V> (0x00000000eb49fdc8) 
thrown [s\src\hotspot\share\prims\jni.cpp, line 1107]
Event: 10.896 Thread 0x000001fb7e3f3d80 Exception <a 'java/lang/NoSuchMethodError'{0x00000000eb4a08e8}: static [Lorg/eclipse/jdt/core/IClasspathAttribute;.<clinit>()V> (0x00000000eb4a08e8) 
thrown [s\src\hotspot\share\prims\jni.cpp, line 1107]
Event: 10.906 Thread 0x000001fb7e3f3d80 Exception <a 'java/lang/NoSuchMethodError'{0x00000000eb593ab0}: 'int java.lang.invoke.DirectMethodHandle$Holder.invokeSpecial(java.lang.Object, java.lang.Object, java.lang.Object, java.lang.Object, java.lang.Object)'> (0x00000000eb593ab0) 
thrown [s\src\hotspot\share\interpreter\linkResolver.cpp, line 759]
Event: 10.939 Thread 0x000001fb7e3f9db0 Exception <a 'java/io/FileNotFoundException'{0x00000000eb6a64b8}> (0x00000000eb6a64b8) 
thrown [s\src\hotspot\share\prims\jni.cpp, line 516]
Event: 10.939 Thread 0x000001fb7e3f9db0 Exception <a 'java/io/FileNotFoundException'{0x00000000eb6a74e8}> (0x00000000eb6a74e8) 
thrown [s\src\hotspot\share\prims\jni.cpp, line 516]

VM Operations (20 events):
Event: 11.042 Executing VM operation: HandshakeAllThreads
Event: 11.042 Executing VM operation: HandshakeAllThreads done
Event: 11.044 Executing VM operation: ParallelGCFailedAllocation
Event: 11.049 Executing VM operation: ParallelGCFailedAllocation done
Event: 11.059 Executing VM operation: HandshakeAllThreads
Event: 11.059 Executing VM operation: HandshakeAllThreads done
Event: 11.089 Executing VM operation: ICBufferFull
Event: 11.099 Executing VM operation: ICBufferFull done
Event: 11.150 Executing VM operation: HandshakeAllThreads
Event: 11.155 Executing VM operation: HandshakeAllThreads done
Event: 11.155 Executing VM operation: HandshakeAllThreads
Event: 11.155 Executing VM operation: HandshakeAllThreads done
Event: 11.177 Executing VM operation: HandshakeAllThreads
Event: 11.184 Executing VM operation: HandshakeAllThreads done
Event: 11.193 Executing VM operation: ParallelGCFailedAllocation
Event: 11.199 Executing VM operation: ParallelGCFailedAllocation done
Event: 11.321 Executing VM operation: HandshakeAllThreads
Event: 11.338 Executing VM operation: HandshakeAllThreads done
Event: 11.338 Executing VM operation: ParallelGCFailedAllocation
Event: 11.340 Executing VM operation: ParallelGCFailedAllocation done

Events (20 events):
Event: 11.211 Thread 0x000001fb7b2edcb0 flushing nmethod 0x000001fb0103a710
Event: 11.211 Thread 0x000001fb7b2edcb0 flushing nmethod 0x000001fb0103b410
Event: 11.211 Thread 0x000001fb7b2edcb0 flushing nmethod 0x000001fb01041190
Event: 11.211 Thread 0x000001fb7b2edcb0 flushing nmethod 0x000001fb01043a90
Event: 11.211 Thread 0x000001fb7b2edcb0 flushing nmethod 0x000001fb01044290
Event: 11.211 Thread 0x000001fb7b2edcb0 flushing nmethod 0x000001fb01044a10
Event: 11.211 Thread 0x000001fb7b2edcb0 flushing nmethod 0x000001fb0104dc90
Event: 11.211 Thread 0x000001fb7b2edcb0 flushing nmethod 0x000001fb0104f490
Event: 11.212 Thread 0x000001fb7b2edcb0 flushing nmethod 0x000001fb0105f410
Event: 11.212 Thread 0x000001fb7b2edcb0 flushing nmethod 0x000001fb0106d810
Event: 11.212 Thread 0x000001fb7b2edcb0 flushing nmethod 0x000001fb0107c710
Event: 11.212 Thread 0x000001fb7b2edcb0 flushing nmethod 0x000001fb010b7310
Event: 11.212 Thread 0x000001fb7b2edcb0 flushing nmethod 0x000001fb010e4810
Event: 11.212 Thread 0x000001fb7b2edcb0 flushing nmethod 0x000001fb010e5890
Event: 11.212 Thread 0x000001fb7b2edcb0 flushing nmethod 0x000001fb010e5c10
Event: 11.212 Thread 0x000001fb7b2edcb0 flushing nmethod 0x000001fb010e6110
Event: 11.212 Thread 0x000001fb7b2edcb0 flushing nmethod 0x000001fb010e6490
Event: 11.212 Thread 0x000001fb7b2edcb0 flushing nmethod 0x000001fb010ec490
Event: 11.212 Thread 0x000001fb7b2edcb0 flushing nmethod 0x000001fb010f5410
Event: 11.212 Thread 0x000001fb7b2edcb0 flushing nmethod 0x000001fb01108910


Dynamic libraries:
0x00007ff63c7e0000 - 0x00007ff63c7ee000 	c:\Users\ARWIN\.vscode\extensions\redhat.java-1.27.0-win32-x64\jre\17.0.10-win32-x86_64\bin\java.exe
0x00007ffa1a7b0000 - 0x00007ffa1a9c7000 	C:\Windows\SYSTEM32\ntdll.dll
0x00007ffa194a0000 - 0x00007ffa19564000 	C:\Windows\System32\KERNEL32.DLL
0x00007ffa17c90000 - 0x00007ffa18036000 	C:\Windows\System32\KERNELBASE.dll
0x00007ffa17b70000 - 0x00007ffa17c81000 	C:\Windows\System32\ucrtbase.dll
0x00007ffa12050000 - 0x00007ffa12067000 	c:\Users\ARWIN\.vscode\extensions\redhat.java-1.27.0-win32-x64\jre\17.0.10-win32-x86_64\bin\jli.dll
0x00007ffa198c0000 - 0x00007ffa19a6e000 	C:\Windows\System32\USER32.dll
0x00007ffa18040000 - 0x00007ffa18066000 	C:\Windows\System32\win32u.dll
0x00007ffa115e0000 - 0x00007ffa115fb000 	c:\Users\ARWIN\.vscode\extensions\redhat.java-1.27.0-win32-x64\jre\17.0.10-win32-x86_64\bin\VCRUNTIME140.dll
0x00007ffa18a60000 - 0x00007ffa18a89000 	C:\Windows\System32\GDI32.dll
0x00007ffa18070000 - 0x00007ffa18188000 	C:\Windows\System32\gdi32full.dll
0x00007ffa18370000 - 0x00007ffa1840a000 	C:\Windows\System32\msvcp_win.dll
0x00007ffa074f0000 - 0x00007ffa07783000 	C:\Windows\WinSxS\amd64_microsoft.windows.common-controls_6595b64144ccf1df_6.0.22621.2506_none_270c5ae97388e100\COMCTL32.dll
0x00007ffa18ab0000 - 0x00007ffa18b57000 	C:\Windows\System32\msvcrt.dll
0x00007ffa18b80000 - 0x00007ffa18bb1000 	C:\Windows\System32\IMM32.DLL
0x00007ffa15850000 - 0x00007ffa1585c000 	c:\Users\ARWIN\.vscode\extensions\redhat.java-1.27.0-win32-x64\jre\17.0.10-win32-x86_64\bin\vcruntime140_1.dll
0x00007ffa03d50000 - 0x00007ffa03ddd000 	c:\Users\ARWIN\.vscode\extensions\redhat.java-1.27.0-win32-x64\jre\17.0.10-win32-x86_64\bin\msvcp140.dll
0x00007ff9c4080000 - 0x00007ff9c4ce2000 	c:\Users\ARWIN\.vscode\extensions\redhat.java-1.27.0-win32-x64\jre\17.0.10-win32-x86_64\bin\server\jvm.dll
0x00007ffa19570000 - 0x00007ffa19623000 	C:\Windows\System32\ADVAPI32.dll
0x00007ffa19100000 - 0x00007ffa191a8000 	C:\Windows\System32\sechost.dll
0x00007ffa18410000 - 0x00007ffa18438000 	C:\Windows\System32\bcrypt.dll
0x00007ffa19380000 - 0x00007ffa19497000 	C:\Windows\System32\RPCRT4.dll
0x00007ffa17810000 - 0x00007ffa1785d000 	C:\Windows\SYSTEM32\POWRPROF.dll
0x00007ffa01740000 - 0x00007ffa01749000 	C:\Windows\SYSTEM32\WSOCK32.dll
0x00007ffa19210000 - 0x00007ffa19281000 	C:\Windows\System32\WS2_32.dll
0x00007ffa10340000 - 0x00007ffa10374000 	C:\Windows\SYSTEM32\WINMM.dll
0x00007ffa0e4f0000 - 0x00007ffa0e4fa000 	C:\Windows\SYSTEM32\VERSION.dll
0x00007ffa17740000 - 0x00007ffa17753000 	C:\Windows\SYSTEM32\UMPDC.dll
0x00007ffa16b30000 - 0x00007ffa16b48000 	C:\Windows\SYSTEM32\kernel.appcore.dll
0x00007ffa15210000 - 0x00007ffa1521a000 	c:\Users\ARWIN\.vscode\extensions\redhat.java-1.27.0-win32-x64\jre\17.0.10-win32-x86_64\bin\jimage.dll
0x00007ffa152c0000 - 0x00007ffa154f3000 	C:\Windows\SYSTEM32\DBGHELP.DLL
0x00007ffa18d70000 - 0x00007ffa190f9000 	C:\Windows\System32\combase.dll
0x00007ffa192a0000 - 0x00007ffa19377000 	C:\Windows\System32\OLEAUT32.dll
0x00007ff9fd3c0000 - 0x00007ff9fd3f2000 	C:\Windows\SYSTEM32\dbgcore.DLL
0x00007ffa17af0000 - 0x00007ffa17b6a000 	C:\Windows\System32\bcryptPrimitives.dll
0x00007ffa148e0000 - 0x00007ffa148ee000 	c:\Users\ARWIN\.vscode\extensions\redhat.java-1.27.0-win32-x64\jre\17.0.10-win32-x86_64\bin\instrument.dll
0x00007ffa0f5b0000 - 0x00007ffa0f5d5000 	c:\Users\ARWIN\.vscode\extensions\redhat.java-1.27.0-win32-x64\jre\17.0.10-win32-x86_64\bin\java.dll
0x00007ffa0b9e0000 - 0x00007ffa0b9f8000 	c:\Users\ARWIN\.vscode\extensions\redhat.java-1.27.0-win32-x64\jre\17.0.10-win32-x86_64\bin\zip.dll
0x00007ffa19f10000 - 0x00007ffa1a76b000 	C:\Windows\System32\SHELL32.dll
0x00007ffa15a10000 - 0x00007ffa16306000 	C:\Windows\SYSTEM32\windows.storage.dll
0x00007ffa158d0000 - 0x00007ffa15a0e000 	C:\Windows\SYSTEM32\wintypes.dll
0x00007ffa18560000 - 0x00007ffa18653000 	C:\Windows\System32\SHCORE.dll
0x00007ffa191b0000 - 0x00007ffa1920e000 	C:\Windows\System32\shlwapi.dll
0x00007ffa17a20000 - 0x00007ffa17a46000 	C:\Windows\SYSTEM32\profapi.dll
0x00007ffa08a00000 - 0x00007ffa08a19000 	C:\Users\ARWIN\.vscode\extensions\redhat.java-1.27.0-win32-x64\jre\17.0.10-win32-x86_64\bin\net.dll
0x00007ffa11f10000 - 0x00007ffa12047000 	C:\Windows\SYSTEM32\WINHTTP.dll
0x00007ffa16fb0000 - 0x00007ffa17019000 	C:\Windows\system32\mswsock.dll
0x00007ffa03ef0000 - 0x00007ffa03f06000 	C:\Users\ARWIN\.vscode\extensions\redhat.java-1.27.0-win32-x64\jre\17.0.10-win32-x86_64\bin\nio.dll
0x00007ffa148c0000 - 0x00007ffa148d0000 	c:\Users\ARWIN\.vscode\extensions\redhat.java-1.27.0-win32-x64\jre\17.0.10-win32-x86_64\bin\verify.dll
0x00007ff9f1940000 - 0x00007ff9f197e000 	C:\Users\ARWIN\AppData\Roaming\Code\User\globalStorage\redhat.java\1.27.0\config_win\org.eclipse.equinox.launcher\org.eclipse.equinox.launcher.win32.win32.x86_64_1.2.900.v20240129-1338\eclipse_11900.dll
0x00007ffa18700000 - 0x00007ffa188a0000 	C:\Windows\System32\ole32.dll
0x00007ffa17200000 - 0x00007ffa1721b000 	C:\Windows\SYSTEM32\CRYPTSP.dll
0x00007ffa16a90000 - 0x00007ffa16ac5000 	C:\Windows\system32\rsaenh.dll
0x00007ffa170a0000 - 0x00007ffa170cc000 	C:\Windows\SYSTEM32\USERENV.dll
0x00007ffa17220000 - 0x00007ffa1722c000 	C:\Windows\SYSTEM32\CRYPTBASE.dll
0x00007ffa16570000 - 0x00007ffa1659d000 	C:\Windows\SYSTEM32\IPHLPAPI.DLL
0x00007ffa18b70000 - 0x00007ffa18b79000 	C:\Windows\System32\NSI.dll
0x00007ffa11a00000 - 0x00007ffa11a19000 	C:\Windows\SYSTEM32\dhcpcsvc6.DLL
0x00007ffa117b0000 - 0x00007ffa117cf000 	C:\Windows\SYSTEM32\dhcpcsvc.DLL
0x00007ffa165a0000 - 0x00007ffa16699000 	C:\Windows\SYSTEM32\DNSAPI.dll
0x00007ff9f0a00000 - 0x00007ff9f0a45000 	C:\Users\ARWIN\AppData\Local\Temp\jna-62557675\jna12240275289677807146.dll
0x00007ffa19290000 - 0x00007ffa19298000 	C:\Windows\System32\PSAPI.DLL

dbghelp: loaded successfully - version: 4.0.5 - missing functions: none
symbol engine: initialized successfully - sym options: 0x614 - pdb path: .;c:\Users\ARWIN\.vscode\extensions\redhat.java-1.27.0-win32-x64\jre\17.0.10-win32-x86_64\bin;C:\Windows\SYSTEM32;C:\Windows\WinSxS\amd64_microsoft.windows.common-controls_6595b64144ccf1df_6.0.22621.2506_none_270c5ae97388e100;c:\Users\ARWIN\.vscode\extensions\redhat.java-1.27.0-win32-x64\jre\17.0.10-win32-x86_64\bin\server;C:\Users\ARWIN\AppData\Roaming\Code\User\globalStorage\redhat.java\1.27.0\config_win\org.eclipse.equinox.launcher\org.eclipse.equinox.launcher.win32.win32.x86_64_1.2.900.v20240129-1338;C:\Users\ARWIN\AppData\Local\Temp\jna-62557675

VM Arguments:
jvm_args: --add-modules=ALL-SYSTEM --add-opens=java.base/java.util=ALL-UNNAMED --add-opens=java.base/java.lang=ALL-UNNAMED --add-opens=java.base/sun.nio.fs=ALL-UNNAMED -Declipse.application=org.eclipse.jdt.ls.core.id1 -Dosgi.bundles.defaultStartLevel=4 -Declipse.product=org.eclipse.jdt.ls.core.product -Djava.import.generatesMetadataFilesAtProjectRoot=false -DDetectVMInstallationsJob.disabled=true -Dfile.encoding=utf8 -XX:+UseParallelGC -XX:GCTimeRatio=4 -XX:AdaptiveSizePolicyWeight=90 -Dsun.zip.disableMemoryMapping=true -Xmx1G -Xms100m -Xlog:disable -javaagent:c:\Users\ARWIN\.vscode\extensions\redhat.java-1.27.0-win32-x64\lombok\lombok-1.18.31.jar -XX:+HeapDumpOnOutOfMemoryError -XX:HeapDumpPath=c:\Users\ARWIN\AppData\Roaming\Code\User\workspaceStorage\c31cd92ba904673375245c8a6e85d91d\redhat.java -Daether.dependencyCollector.impl=bf 
java_command: c:\Users\ARWIN\.vscode\extensions\redhat.java-1.27.0-win32-x64\server\plugins\org.eclipse.equinox.launcher_1.6.700.v20231214-2017.jar -configuration c:\Users\ARWIN\AppData\Roaming\Code\User\globalStorage\redhat.java\1.27.0\config_win -data c:\Users\ARWIN\AppData\Roaming\Code\User\workspaceStorage\c31cd92ba904673375245c8a6e85d91d\redhat.java\jdt_ws --stdio
java_class_path (initial): c:\Users\ARWIN\.vscode\extensions\redhat.java-1.27.0-win32-x64\server\plugins\org.eclipse.equinox.launcher_1.6.700.v20231214-2017.jar
Launcher Type: SUN_STANDARD

[Global flags]
    uintx AdaptiveSizePolicyWeight                 = 90                                        {product} {command line}
     intx CICompilerCount                          = 4                                         {product} {ergonomic}
    uintx GCTimeRatio                              = 4                                         {product} {command line}
     bool HeapDumpOnOutOfMemoryError               = true                                   {manageable} {command line}
    ccstr HeapDumpPath                             = c:\Users\ARWIN\AppData\Roaming\Code\User\workspaceStorage\c31cd92ba904673375245c8a6e85d91d\redhat.java         {manageable} {command line}
   size_t InitialHeapSize                          = 104857600                                 {product} {command line}
   size_t MaxHeapSize                              = 1073741824                                {product} {command line}
   size_t MaxNewSize                               = 357564416                                 {product} {ergonomic}
   size_t MinHeapDeltaBytes                        = 524288                                    {product} {ergonomic}
   size_t MinHeapSize                              = 104857600                                 {product} {command line}
   size_t NewSize                                  = 34603008                                  {product} {ergonomic}
    uintx NonNMethodCodeHeapSize                   = 5839372                                {pd product} {ergonomic}
    uintx NonProfiledCodeHeapSize                  = 122909434                              {pd product} {ergonomic}
   size_t OldSize                                  = 70254592                                  {product} {ergonomic}
    uintx ProfiledCodeHeapSize                     = 122909434                              {pd product} {ergonomic}
    uintx ReservedCodeCacheSize                    = 251658240                              {pd product} {ergonomic}
     bool SegmentedCodeCache                       = true                                      {product} {ergonomic}
   size_t SoftMaxHeapSize                          = 1073741824                             {manageable} {ergonomic}
     bool UseCompressedClassPointers               = true                           {product lp64_product} {ergonomic}
     bool UseCompressedOops                        = true                           {product lp64_product} {ergonomic}
     bool UseLargePagesIndividualAllocation        = false                                  {pd product} {ergonomic}
     bool UseParallelGC                            = true                                      {product} {command line}

Logging:
Log output configuration:
 #0: stdout all=off uptime,level,tags
 #1: stderr all=off uptime,level,tags

Environment Variables:
JAVA_HOME=C:\Program Files\Java\jdk-17
PATH=C:\Windows\system32;C:\Windows;C:\Windows\System32\Wbem;C:\Windows\System32\WindowsPowerShell\v1.0\;C:\Windows\System32\OpenSSH\;C:\Users\ARWIN\AppData\Roaming\nvm;C:\Program Files\nodejs;C:\Program Files\Git\cmd;C:\Program Files\Java\jdk-17\bin;C:\Users\ARWIN\AppData\Local\Microsoft\WindowsApps;C:\Users\ARWIN\AppData\Local\Programs\Microsoft VS Code\bin;C:\Users\ARWIN\AppData\Roaming\npm;C:\Users\ARWIN\AppData\Roaming\nvm;C:\Program Files\nodejs
USERNAME=ARWIN
OS=Windows_NT
PROCESSOR_IDENTIFIER=AMD64 Family 23 Model 96 Stepping 1, AuthenticAMD
TMP=C:\Users\ARWIN\AppData\Local\Temp
TEMP=C:\Users\ARWIN\AppData\Local\Temp



Periodic native trim disabled


---------------  S Y S T E M  ---------------

OS:
 Windows 11 , 64 bit Build 22621 (10.0.22621.3085)
OS uptime: 8 days 2:12 hours
Hyper-V role detected

CPU: total 8 (initial active 8) (8 cores per cpu, 1 threads per core) family 23 model 96 stepping 1 microcode 0x0, cx8, cmov, fxsr, mmx, 3dnowpref, sse, sse2, sse3, ssse3, sse4a, sse4.1, sse4.2, popcnt, lzcnt, tsc, tscinvbit, avx, avx2, aes, clmul, bmi1, bmi2, adx, sha, fma, vzeroupper, clflush, clflushopt, hv
Processor Information for all 8 processors :
  Max Mhz: 2000, Current Mhz: 2000, Mhz Limit: 2000

Memory: 4k page, system-wide physical 7549M (465M free)
TotalPageFile size 31101M (AvailPageFile size 28M)
current process WorkingSet (physical memory assigned to process): 274M, peak: 315M
current process commit charge ("private bytes"): 319M, peak: 369M

vm_info: OpenJDK 64-Bit Server VM (17.0.10+7) for windows-amd64 JRE (17.0.10+7), built on Jan 16 2024 23:25:11 by "admin" with MS VC++ 16.10 / 16.11 (VS2019)

END.
